<?xml version="1.0" encoding="UTF-8"?>
<testng-results skipped="0" failed="0" total="1" passed="1">
  <reporter-output>
  </reporter-output>
  <suite name="Default suite" duration-ms="15230" started-at="2017-03-09T01:17:19Z" finished-at="2017-03-09T01:17:35Z">
    <groups>
    </groups>
    <test name="Default test" duration-ms="15230" started-at="2017-03-09T01:17:19Z" finished-at="2017-03-09T01:17:35Z">
      <class name="com.PageTest.PageFactoryTestMethod">
        <test-method status="PASS" signature="GithubTest()[pri:0, instance:com.PageTest.PageFactoryTestMethod@5e3a8624]" name="GithubTest" is-config="true" duration-ms="7968" started-at="2017-03-08T17:17:19Z" finished-at="2017-03-08T17:17:27Z">
          <reporter-output>
          </reporter-output>
        </test-method> <!-- GithubTest -->
        <test-method status="PASS" signature="sininginpagetest()[pri:0, instance:com.PageTest.PageFactoryTestMethod@5e3a8624]" name="sininginpagetest" duration-ms="7129" started-at="2017-03-08T17:17:27Z" finished-at="2017-03-08T17:17:34Z">
          <reporter-output>
          </reporter-output>
        </test-method> <!-- sininginpagetest -->
        <test-method status="PASS" signature="closdriver()[pri:0, instance:com.PageTest.PageFactoryTestMethod@5e3a8624]" name="closdriver" is-config="true" duration-ms="111" started-at="2017-03-08T17:17:34Z" finished-at="2017-03-08T17:17:35Z">
          <reporter-output>
          </reporter-output>
        </test-method> <!-- closdriver -->
      </class> <!-- com.PageTest.PageFactoryTestMethod -->
    </test> <!-- Default test -->
  </suite> <!-- Default suite -->
</testng-results>
